This is pdfTeX, Version 3.14159265-2.6-1.40.21 (TeX Live 2020/Debian) (preloaded format=pdfetex 2022.6.11)  8 SEP 2023 22:24
entering extended mode
 restricted \write18 enabled.
 file:line:error style messages enabled.
 %&-line parsing enabled.
**\nonstopmode \input ./Gorm.texi \input ./Gorm.texi
(./Gorm.texi (/usr/share/texmf/tex/texinfo/texinfo.tex
Loading texinfo [version 2019-09-20.22]:
\outerhsize=\dimen16
\outervsize=\dimen17
\topandbottommargin=\dimen18
\bindingoffset=\dimen19
\normaloffset=\dimen20
\txipagewidth=\dimen21
\txipageheight=\dimen22
\defaultoutput=\toks13
\headlinebox=\box16
\footlinebox=\box17
\savedtopmark=\toks14
\margin=\insert252
\EMsimple=\toks15
\groupbox=\box18
\groupinvalidhelp=\toks16
\mil=\dimen23
\exdentamount=\skip18
\inmarginspacing=\skip19
\centerpenalty=\count27
 pdf,
\tempnum=\count28
\lnkcount=\count29
\filename=\toks17
\filenamelength=\count30
\pgn=\count31
\toksA=\toks18
\toksB=\toks19
\toksC=\toks20
\toksD=\toks21
\boxA=\box19
\boxB=\box20
\countA=\count32
\nopdfimagehelp=\toks22
 fonts,
\textleading=\dimen24
\sffam=\fam8
 markup,
\fontdepth=\count33
 glyphs,
\errorbox=\box21

page headings,
\titlepagetopglue=\skip20
\titlepagebottomglue=\skip21
\evenheadline=\toks23
\oddheadline=\toks24
\evenfootline=\toks25
\oddfootline=\toks26
 tables,
\tableindent=\dimen25
\itemindent=\dimen26
\itemmargin=\dimen27
\itemmax=\dimen28
\itemno=\count34
\multitableparskip=\skip22
\multitableparindent=\skip23
\multitablecolspace=\dimen29
\multitablelinespace=\skip24
\colcount=\count35
\everytab=\toks27
 conditionals,
\doignorecount=\count36
 indexing,
\dummybox=\box22
\whatsitskip=\skip25
\whatsitpenalty=\count37
\entryrightmargin=\dimen30
\thinshrinkable=\skip26
\partialpage=\box23
\doublecolumnhsize=\dimen31
\balancedcolumns=\box24
 sectioning,
\unnumberedno=\count38
\chapno=\count39
\secno=\count40
\subsecno=\count41
\subsubsecno=\count42
\appendixno=\count43
\absseclevel=\count44
\secbase=\count45
\chapheadingskip=\skip27
\secheadingskip=\skip28
\subsecheadingskip=\skip29
 toc,
\tocfile=\write0
\contentsrightmargin=\skip30
\savepageno=\count46
\lastnegativepageno=\count47
\tocindent=\dimen32
 environments,
\lispnarrowing=\skip31
\envskipamount=\skip32
\lskip=\skip33
\rskip=\skip34
\circthick=\dimen33
\cartouter=\dimen34
\cartinner=\dimen35
\normbskip=\skip35
\normpskip=\skip36
\normlskip=\skip37
\nonfillparindent=\dimen36
\tabw=\dimen37
\verbbox=\box25

defuns,
\defbodyindent=\skip38
\defargsindent=\skip39
\deflastargmargin=\skip40
\defunpenalty=\count48
\parencount=\count49
\brackcount=\count50
 macros,
\paramno=\count51
\macname=\toks28
 cross references,
\auxfile=\write1
\savesfregister=\count52
\toprefbox=\box26
\printedrefnamebox=\box27
\infofilenamebox=\box28
\printedmanualbox=\box29
 insertions,
\footnoteno=\count53
\SAVEfootins=\box30
\SAVEmargin=\box31

(/usr/share/texlive/texmf-dist/tex/generic/epsf/epsf.tex
This is `epsf.tex' v2.7.4 <14 February 2011>
\epsffilein=\read1
\epsfframemargin=\dimen38
\epsfframethickness=\dimen39
\epsfrsize=\dimen40
\epsftmp=\dimen41
\epsftsize=\dimen42
\epsfxsize=\dimen43
\epsfysize=\dimen44
\pspoints=\dimen45
)
\noepsfhelp=\toks29
 localization,
\nolanghelp=\toks30
\countUTFx=\count54
\countUTFy=\count55
\countUTFz=\count56
 formatting,
\defaultparindent=\dimen46
 and turning on texinfo input format.)
texinfo.tex: doing @include of version.texi


(/home/heron/Development/gnustep/apps-gorm/Applications/Gorm/Documentation/vers
ion.texi) [1{/var/lib/texmf/fonts/map/pdftex/updmap/pdftex.map}] [2]
(/home/heron/Development/gnustep/apps-gorm/Applications/Gorm/Documentation/Gorm
.toc [-1] [-2]) [-3]
(/home/heron/Development/gnustep/apps-gorm/Applications/Gorm/Documentation/Gorm
.toc)
(/home/heron/Development/gnustep/apps-gorm/Applications/Gorm/Documentation/Gorm
.toc) (Copying)
\openout0 = `Gorm.toc'.


(/home/heron/Development/gnustep/apps-gorm/Applications/Gorm/Documentation/Gorm
.aux)
\openout1 = `Gorm.aux'.

 (Contributors to Gorm) [1] Chapter 1 [2]
texinfo.tex: doing @include of install.texi


(/home/heron/Development/gnustep/apps-gorm/Applications/Gorm/Documentation/inst
all.texi) Chapter 2 [3]
texinfo.tex: doing @include of news.texi


(/home/heron/Development/gnustep/apps-gorm/Applications/Gorm/Documentation/news
.texi [4] [5] [6] [7] [8] [9] [10] [11] [12] [13] [14]) Chapter 3 [15]
@cpindfile=@write2
\openout2 = `Gorm.cp'.


Writing index file Gorm.cp
Chapter 4 [16] [17] [18] [19] Chapter 5 [20] Chapter 6 [21] Chapter 7 [22]
[23] Chapter 8 [24] [25] [26] [27] Chapter 9 [28] [29] Chapter 10 [30] [31]
[32] Chapter 11 [33] [34] (Concept Index) [35]
(/home/heron/Development/gnustep/apps-gorm/Applications/Gorm/Documentation/Gorm
.cps) [36] ) 
Here is how much of TeX's memory you used:
 3368 strings out of 497013
 35131 string characters out of 6205050
 81728 words of memory out of 5000000
 4431 multiletter control sequences out of 15000+600000
 34203 words of font info for 119 fonts, out of 8000000 for 9000
 96 hyphenation exceptions out of 8191
 16i,6n,16p,1095b,760s stack positions out of 5000i,500n,10000p,200000b,80000s
</usr/share/texlive/texmf-dist/fonts/type1/public/amsfonts/cm/cmb10
.pfb></usr/share/texlive/texmf-dist/fonts/type1/public/amsfonts/cm/cmbx12.pfb><
/usr/share/texlive/texmf-dist/fonts/type1/public/amsfonts/cm/cmmi10.pfb></usr/s
hare/texlive/texmf-dist/fonts/type1/public/amsfonts/cm/cmmi12.pfb></usr/share/t
exlive/texmf-dist/fonts/type1/public/amsfonts/cm/cmmi9.pfb></usr/share/texlive/
texmf-dist/fonts/type1/public/amsfonts/cm/cmr10.pfb></usr/share/texlive/texmf-d
ist/fonts/type1/public/amsfonts/cm/cmr9.pfb></usr/share/texlive/texmf-dist/font
s/type1/public/amsfonts/cm/cmsy10.pfb></usr/share/texlive/texmf-dist/fonts/type
1/public/amsfonts/cm/cmtt10.pfb></usr/share/texlive/texmf-dist/fonts/type1/publ
ic/amsfonts/cm/cmtt12.pfb>
Output written on Gorm.pdf (41 pages, 211315 bytes).
PDF statistics:
 680 PDF objects out of 1000 (max. 8388607)
 617 compressed objects within 7 object streams
 48 named destinations out of 1000 (max. 500000)
 829 words of extra memory for PDF output out of 10000 (max. 10000000)

